<?xml version="1.0" encoding="UTF-8"?>
<!-- Generated by org.testng.reporters.JUnitReportReporter -->
<testsuite skipped="0" hostname="LAPTOP-JVNL5G83" name="RestAssuredAPItesting.RestAssuredAPItesting.TC1_Demo1_GET" tests="1" failures="0" timestamp="31 Mar 2020 01:52:41 GMT" time="1.686" errors="0">
  <testcase name="getweatherDetails" time="1.686" classname="RestAssuredAPItesting.RestAssuredAPItesting.TC1_Demo1_GET"/>
</testsuite> <!-- RestAssuredAPItesting.RestAssuredAPItesting.TC1_Demo1_GET -->
