<?xml version="1.0" encoding="UTF-8"?>
<!-- Generated by org.testng.reporters.JUnitReportReporter -->
<testsuite skipped="0" hostname="LAPTOP-JVNL5G83" name="RestAssuredAPItesting.RestAssuredAPItesting.TC3_Demo_GET_Header" tests="1" failures="0" timestamp="27 Mar 2020 16:56:07 GMT" time="2.827" errors="0">
  <testcase name="getMapDetails" time="2.827" classname="RestAssuredAPItesting.RestAssuredAPItesting.TC3_Demo_GET_Header"/>
</testsuite> <!-- RestAssuredAPItesting.RestAssuredAPItesting.TC3_Demo_GET_Header -->
