<?xml version="1.0" encoding="UTF-8"?>
<!-- Generated by org.testng.reporters.JUnitReportReporter -->
<testsuite skipped="0" hostname="LAPTOP-JVNL5G83" name="RestAssuredAPItesting.RestAssuredAPItesting.TC4_Demo_GET_ALL_HEADER" tests="1" failures="0" timestamp="27 Mar 2020 17:23:54 GMT" time="3.154" errors="0">
  <testcase name="getMapDetails" time="3.154" classname="RestAssuredAPItesting.RestAssuredAPItesting.TC4_Demo_GET_ALL_HEADER"/>
</testsuite> <!-- RestAssuredAPItesting.RestAssuredAPItesting.TC4_Demo_GET_ALL_HEADER -->
