<?xml version="1.0" encoding="UTF-8"?>
<!-- Generated by org.testng.reporters.JUnitReportReporter -->
<testsuite skipped="0" hostname="LAPTOP-JVNL5G83" name="RestAssuredAPItesting.RestAssuredAPItesting.TC7_Demo_POST_Data_Driven_case" tests="4" failures="0" timestamp="31 Mar 2020 03:10:57 GMT" time="3.066" errors="0">
  <testcase name="dataDrivenCase" time="0.462" classname="RestAssuredAPItesting.RestAssuredAPItesting.TC7_Demo_POST_Data_Driven_case"/>
  <testcase name="dataDrivenCase" time="0.443" classname="RestAssuredAPItesting.RestAssuredAPItesting.TC7_Demo_POST_Data_Driven_case"/>
  <testcase name="dataDrivenCase" time="0.435" classname="RestAssuredAPItesting.RestAssuredAPItesting.TC7_Demo_POST_Data_Driven_case"/>
  <testcase name="dataDrivenCase" time="1.726" classname="RestAssuredAPItesting.RestAssuredAPItesting.TC7_Demo_POST_Data_Driven_case"/>
</testsuite> <!-- RestAssuredAPItesting.RestAssuredAPItesting.TC7_Demo_POST_Data_Driven_case -->
