<?xml version="1.0" encoding="UTF-8"?>
<!-- Generated by org.testng.reporters.JUnitReportReporter -->
<testsuite skipped="0" hostname="LAPTOP-JVNL5G83" name="RestAssuredAPItesting.RestAssuredAPItesting.TC5_Demo_GET_JSON_Response_Validation" tests="1" failures="0" timestamp="29 Mar 2020 03:08:11 GMT" time="1.743" errors="0">
  <testcase name="getweatherDetails" time="1.743" classname="RestAssuredAPItesting.RestAssuredAPItesting.TC5_Demo_GET_JSON_Response_Validation"/>
</testsuite> <!-- RestAssuredAPItesting.RestAssuredAPItesting.TC5_Demo_GET_JSON_Response_Validation -->
